This file contains any messages produced by compilers while
running configure, to aid debugging if configure makes a mistake.

It was created by configure, which was
generated by GNU Autoconf 2.59.  Invocation command line was

  $ ./configure 

## --------- ##
## Platform. ##
## --------- ##

hostname = tsc-485.techsmith.com
uname -m = x86_64
uname -r = 15.4.0
uname -s = Darwin
uname -v = Darwin Kernel Version 15.4.0: Fri Feb 26 22:08:05 PST 2016; root:xnu-3248.40.184~3/RELEASE_X86_64

/usr/bin/uname -p = i386
/bin/uname -X     = unknown

/bin/arch              = unknown
/usr/bin/arch -k       = unknown
/usr/convex/getsysinfo = unknown
hostinfo               = Mach kernel version:
	 Darwin Kernel Version 15.4.0: Fri Feb 26 22:08:05 PST 2016; root:xnu-3248.40.184~3/RELEASE_X86_64
Kernel configured for up to 8 processors.
4 processors are physically available.
8 processors are logically available.
Processor type: x86_64h (Intel x86-64h Haswell)
Processors active: 0 1 2 3 4 5 6 7
Primary memory available: 16.00 gigabytes
Default processor set: 321 tasks, 1865 threads, 8 processors
Load average: 1.54, Mach factor: 6.45
/bin/machine           = unknown
/usr/bin/oslevel       = unknown
/bin/universe          = unknown

PATH: /usr/local/bin
PATH: /usr/bin
PATH: /bin
PATH: /usr/sbin
PATH: /sbin
PATH: /usr/local/sbin


## ----------- ##
## Core tests. ##
## ----------- ##

configure:1385: checking for gcc
configure:1401: found /usr/bin/gcc
configure:1411: result: gcc
configure:1655: checking for C compiler version
configure:1658: gcc --version </dev/null >&5
Configured with: --prefix=/Library/Developer/CommandLineTools/usr --with-gxx-include-dir=/usr/include/c++/4.2.1
Apple LLVM version 7.3.0 (clang-703.0.29)
Target: x86_64-apple-darwin15.4.0
Thread model: posix
InstalledDir: /Library/Developer/CommandLineTools/usr/bin
configure:1661: $? = 0
configure:1663: gcc -v </dev/null >&5
Configured with: --prefix=/Library/Developer/CommandLineTools/usr --with-gxx-include-dir=/usr/include/c++/4.2.1
Apple LLVM version 7.3.0 (clang-703.0.29)
Target: x86_64-apple-darwin15.4.0
Thread model: posix
InstalledDir: /Library/Developer/CommandLineTools/usr/bin
configure:1666: $? = 0
configure:1668: gcc -V </dev/null >&5
clang: error: argument to '-V' is missing (expected 1 value)
clang: error: no input files
configure:1671: $? = 1
configure:1694: checking for C compiler default output file name
configure:1697: gcc    conftest.c  >&5
configure:1700: $? = 0
configure:1746: result: a.out
configure:1751: checking whether the C compiler works
configure:1757: ./a.out
configure:1760: $? = 0
configure:1777: result: yes
configure:1784: checking whether we are cross compiling
configure:1786: result: no
configure:1789: checking for suffix of executables
configure:1791: gcc -o conftest    conftest.c  >&5
configure:1794: $? = 0
configure:1819: result: 
configure:1825: checking for suffix of object files
configure:1846: gcc -c   conftest.c >&5
configure:1849: $? = 0
configure:1871: result: o
configure:1875: checking whether we are using the GNU C compiler
configure:1899: gcc -c   conftest.c >&5
configure:1905: $? = 0
configure:1909: test -z 
			 || test ! -s conftest.err
configure:1912: $? = 0
configure:1915: test -s conftest.o
configure:1918: $? = 0
configure:1931: result: yes
configure:1937: checking whether gcc accepts -g
configure:1958: gcc -c -g  conftest.c >&5
configure:1964: $? = 0
configure:1968: test -z 
			 || test ! -s conftest.err
configure:1971: $? = 0
configure:1974: test -s conftest.o
configure:1977: $? = 0
configure:1988: result: yes
configure:2005: checking for gcc option to accept ANSI C
configure:2075: gcc  -c -g -O2  conftest.c >&5
configure:2081: $? = 0
configure:2085: test -z 
			 || test ! -s conftest.err
configure:2088: $? = 0
configure:2091: test -s conftest.o
configure:2094: $? = 0
configure:2112: result: none needed
configure:2130: gcc -c -g -O2  conftest.c >&5
conftest.c:2:3: error: unknown type name 'choke'
  choke me
  ^
conftest.c:2:11: error: expected ';' after top level declarator
  choke me
          ^
          ;
2 errors generated.
configure:2136: $? = 1
configure: failed program was:
| #ifndef __cplusplus
|   choke me
| #endif
configure:2274: checking how to run the C preprocessor
configure:2309: gcc -E  conftest.c
configure:2315: $? = 0
configure:2347: gcc -E  conftest.c
conftest.c:9:10: fatal error: 'ac_nonexistent.h' file not found
#include <ac_nonexistent.h>
         ^
1 error generated.
configure:2353: $? = 1
configure: failed program was:
| /* confdefs.h.  */
| 
| #define PACKAGE_NAME ""
| #define PACKAGE_TARNAME ""
| #define PACKAGE_VERSION ""
| #define PACKAGE_STRING ""
| #define PACKAGE_BUGREPORT ""
| /* end confdefs.h.  */
| #include <ac_nonexistent.h>
configure:2392: result: gcc -E
configure:2416: gcc -E  conftest.c
configure:2422: $? = 0
configure:2454: gcc -E  conftest.c
conftest.c:9:10: fatal error: 'ac_nonexistent.h' file not found
#include <ac_nonexistent.h>
         ^
1 error generated.
configure:2460: $? = 1
configure: failed program was:
| /* confdefs.h.  */
| 
| #define PACKAGE_NAME ""
| #define PACKAGE_TARNAME ""
| #define PACKAGE_VERSION ""
| #define PACKAGE_STRING ""
| #define PACKAGE_BUGREPORT ""
| /* end confdefs.h.  */
| #include <ac_nonexistent.h>
configure:2541: checking for a BSD-compatible install
configure:2596: result: /usr/bin/install -c
configure:2613: checking build system type
configure:2631: result: i386-apple-darwin15.4.0
configure:2639: checking host system type
configure:2653: result: i386-apple-darwin15.4.0
configure:2668: checking for main in -linet
configure:2692: gcc -o conftest -g -O2   conftest.c -linet   >&5
ld: library not found for -linet
clang: error: linker command failed with exit code 1 (use -v to see invocation)
configure:2698: $? = 1
configure: failed program was:
| /* confdefs.h.  */
| 
| #define PACKAGE_NAME ""
| #define PACKAGE_TARNAME ""
| #define PACKAGE_VERSION ""
| #define PACKAGE_STRING ""
| #define PACKAGE_BUGREPORT ""
| #define HOSTTYPE "i386-apple-darwin15.4.0"
| /* end confdefs.h.  */
| 
| 
| int
| main ()
| {
| main ();
|   ;
|   return 0;
| }
configure:2724: result: no
configure:2736: checking for main in -lnsl
configure:2760: gcc -o conftest -g -O2   conftest.c -lnsl   >&5
ld: library not found for -lnsl
clang: error: linker command failed with exit code 1 (use -v to see invocation)
configure:2766: $? = 1
configure: failed program was:
| /* confdefs.h.  */
| 
| #define PACKAGE_NAME ""
| #define PACKAGE_TARNAME ""
| #define PACKAGE_VERSION ""
| #define PACKAGE_STRING ""
| #define PACKAGE_BUGREPORT ""
| #define HOSTTYPE "i386-apple-darwin15.4.0"
| /* end confdefs.h.  */
| 
| 
| int
| main ()
| {
| main ();
|   ;
|   return 0;
| }
configure:2792: result: no
configure:2804: checking for main in -lresolv
configure:2828: gcc -o conftest -g -O2   conftest.c -lresolv   >&5
configure:2834: $? = 0
configure:2838: test -z 
			 || test ! -s conftest.err
configure:2841: $? = 0
configure:2844: test -s conftest
configure:2847: $? = 0
configure:2860: result: yes
configure:2872: checking for main in -lseq
configure:2896: gcc -o conftest -g -O2   conftest.c -lseq  -lresolv  >&5
ld: library not found for -lseq
clang: error: linker command failed with exit code 1 (use -v to see invocation)
configure:2902: $? = 1
configure: failed program was:
| /* confdefs.h.  */
| 
| #define PACKAGE_NAME ""
| #define PACKAGE_TARNAME ""
| #define PACKAGE_VERSION ""
| #define PACKAGE_STRING ""
| #define PACKAGE_BUGREPORT ""
| #define HOSTTYPE "i386-apple-darwin15.4.0"
| #define HAVE_LIBRESOLV 1
| /* end confdefs.h.  */
| 
| 
| int
| main ()
| {
| main ();
|   ;
|   return 0;
| }
configure:2928: result: no
configure:2940: checking for main in -lsocket
configure:2964: gcc -o conftest -g -O2   conftest.c -lsocket  -lresolv  >&5
ld: library not found for -lsocket
clang: error: linker command failed with exit code 1 (use -v to see invocation)
configure:2970: $? = 1
configure: failed program was:
| /* confdefs.h.  */
| 
| #define PACKAGE_NAME ""
| #define PACKAGE_TARNAME ""
| #define PACKAGE_VERSION ""
| #define PACKAGE_STRING ""
| #define PACKAGE_BUGREPORT ""
| #define HOSTTYPE "i386-apple-darwin15.4.0"
| #define HAVE_LIBRESOLV 1
| /* end confdefs.h.  */
| 
| 
| int
| main ()
| {
| main ();
|   ;
|   return 0;
| }
configure:2996: result: no
configure:3008: checking for main in -lutil
configure:3032: gcc -o conftest -g -O2   conftest.c -lutil  -lresolv  >&5
configure:3038: $? = 0
configure:3042: test -z 
			 || test ! -s conftest.err
configure:3045: $? = 0
configure:3048: test -s conftest
configure:3051: $? = 0
configure:3064: result: yes
configure:3287: checking for egrep
configure:3297: result: grep -E
configure:3302: checking for ANSI C header files
configure:3327: gcc -c -g -O2  conftest.c >&5
configure:3333: $? = 0
configure:3337: test -z 
			 || test ! -s conftest.err
configure:3340: $? = 0
configure:3343: test -s conftest.o
configure:3346: $? = 0
configure:3435: gcc -o conftest -g -O2   conftest.c -lutil -lresolv  >&5
conftest.c:31:7: warning: implicitly declaring library function 'exit' with type 'void (int) __attribute__((noreturn))' [-Wimplicit-function-declaration]
      exit(2);
      ^
conftest.c:31:7: note: include the header <stdlib.h> or explicitly provide a declaration for 'exit'
1 warning generated.
configure:3438: $? = 0
configure:3440: ./conftest
configure:3443: $? = 0
configure:3458: result: yes
configure:3468: checking for sys/wait.h that is POSIX.1 compatible
configure:3499: gcc -c -g -O2  conftest.c >&5
configure:3505: $? = 0
configure:3509: test -z 
			 || test ! -s conftest.err
configure:3512: $? = 0
configure:3515: test -s conftest.o
configure:3518: $? = 0
configure:3529: result: yes
configure:3553: checking for sys/types.h
configure:3569: gcc -c -g -O2  conftest.c >&5
configure:3575: $? = 0
configure:3579: test -z 
			 || test ! -s conftest.err
configure:3582: $? = 0
configure:3585: test -s conftest.o
configure:3588: $? = 0
configure:3599: result: yes
configure:3553: checking for sys/stat.h
configure:3569: gcc -c -g -O2  conftest.c >&5
configure:3575: $? = 0
configure:3579: test -z 
			 || test ! -s conftest.err
configure:3582: $? = 0
configure:3585: test -s conftest.o
configure:3588: $? = 0
configure:3599: result: yes
configure:3553: checking for stdlib.h
configure:3569: gcc -c -g -O2  conftest.c >&5
configure:3575: $? = 0
configure:3579: test -z 
			 || test ! -s conftest.err
configure:3582: $? = 0
configure:3585: test -s conftest.o
configure:3588: $? = 0
configure:3599: result: yes
configure:3553: checking for string.h
configure:3569: gcc -c -g -O2  conftest.c >&5
configure:3575: $? = 0
configure:3579: test -z 
			 || test ! -s conftest.err
configure:3582: $? = 0
configure:3585: test -s conftest.o
configure:3588: $? = 0
configure:3599: result: yes
configure:3553: checking for memory.h
configure:3569: gcc -c -g -O2  conftest.c >&5
configure:3575: $? = 0
configure:3579: test -z 
			 || test ! -s conftest.err
configure:3582: $? = 0
configure:3585: test -s conftest.o
configure:3588: $? = 0
configure:3599: result: yes
configure:3553: checking for strings.h
configure:3569: gcc -c -g -O2  conftest.c >&5
configure:3575: $? = 0
configure:3579: test -z 
			 || test ! -s conftest.err
configure:3582: $? = 0
configure:3585: test -s conftest.o
configure:3588: $? = 0
configure:3599: result: yes
configure:3553: checking for inttypes.h
configure:3569: gcc -c -g -O2  conftest.c >&5
configure:3575: $? = 0
configure:3579: test -z 
			 || test ! -s conftest.err
configure:3582: $? = 0
configure:3585: test -s conftest.o
configure:3588: $? = 0
configure:3599: result: yes
configure:3553: checking for stdint.h
configure:3569: gcc -c -g -O2  conftest.c >&5
configure:3575: $? = 0
configure:3579: test -z 
			 || test ! -s conftest.err
configure:3582: $? = 0
configure:3585: test -s conftest.o
configure:3588: $? = 0
configure:3599: result: yes
configure:3553: checking for unistd.h
configure:3569: gcc -c -g -O2  conftest.c >&5
configure:3575: $? = 0
configure:3579: test -z 
			 || test ! -s conftest.err
configure:3582: $? = 0
configure:3585: test -s conftest.o
configure:3588: $? = 0
configure:3599: result: yes
configure:3630: checking sgtty.h usability
configure:3642: gcc -c -g -O2  conftest.c >&5
configure:3648: $? = 0
configure:3652: test -z 
			 || test ! -s conftest.err
configure:3655: $? = 0
configure:3658: test -s conftest.o
configure:3661: $? = 0
configure:3671: result: yes
configure:3675: checking sgtty.h presence
configure:3685: gcc -E  conftest.c
configure:3691: $? = 0
configure:3711: result: yes
configure:3746: checking for sgtty.h
configure:3753: result: yes
configure:3630: checking sys/ioctl.h usability
configure:3642: gcc -c -g -O2  conftest.c >&5
configure:3648: $? = 0
configure:3652: test -z 
			 || test ! -s conftest.err
configure:3655: $? = 0
configure:3658: test -s conftest.o
configure:3661: $? = 0
configure:3671: result: yes
configure:3675: checking sys/ioctl.h presence
configure:3685: gcc -E  conftest.c
configure:3691: $? = 0
configure:3711: result: yes
configure:3746: checking for sys/ioctl.h
configure:3753: result: yes
configure:3630: checking time.h usability
configure:3642: gcc -c -g -O2  conftest.c >&5
configure:3648: $? = 0
configure:3652: test -z 
			 || test ! -s conftest.err
configure:3655: $? = 0
configure:3658: test -s conftest.o
configure:3661: $? = 0
configure:3671: result: yes
configure:3675: checking time.h presence
configure:3685: gcc -E  conftest.c
configure:3691: $? = 0
configure:3711: result: yes
configure:3746: checking for time.h
configure:3753: result: yes
configure:3630: checking sys/time.h usability
configure:3642: gcc -c -g -O2  conftest.c >&5
configure:3648: $? = 0
configure:3652: test -z 
			 || test ! -s conftest.err
configure:3655: $? = 0
configure:3658: test -s conftest.o
configure:3661: $? = 0
configure:3671: result: yes
configure:3675: checking sys/time.h presence
configure:3685: gcc -E  conftest.c
configure:3691: $? = 0
configure:3711: result: yes
configure:3746: checking for sys/time.h
configure:3753: result: yes
configure:3630: checking termio.h usability
configure:3642: gcc -c -g -O2  conftest.c >&5
conftest.c:63:10: fatal error: 'termio.h' file not found
#include <termio.h>
         ^
1 error generated.
configure:3648: $? = 1
configure: failed program was:
| /* confdefs.h.  */
| 
| #define PACKAGE_NAME ""
| #define PACKAGE_TARNAME ""
| #define PACKAGE_VERSION ""
| #define PACKAGE_STRING ""
| #define PACKAGE_BUGREPORT ""
| #define HOSTTYPE "i386-apple-darwin15.4.0"
| #define HAVE_LIBRESOLV 1
| #define HAVE_LIBUTIL 1
| #define ENABLE_SOCKS 1
| #define ENABLE_TITLEBAR 1
| #define STDC_HEADERS 1
| #define HAVE_SYS_WAIT_H 1
| #define HAVE_SYS_TYPES_H 1
| #define HAVE_SYS_STAT_H 1
| #define HAVE_STDLIB_H 1
| #define HAVE_STRING_H 1
| #define HAVE_MEMORY_H 1
| #define HAVE_STRINGS_H 1
| #define HAVE_INTTYPES_H 1
| #define HAVE_STDINT_H 1
| #define HAVE_UNISTD_H 1
| #define HAVE_SGTTY_H 1
| #define HAVE_SYS_IOCTL_H 1
| #define HAVE_TIME_H 1
| #define HAVE_SYS_TIME_H 1
| /* end confdefs.h.  */
| #include <stdio.h>
| #if HAVE_SYS_TYPES_H
| # include <sys/types.h>
| #endif
| #if HAVE_SYS_STAT_H
| # include <sys/stat.h>
| #endif
| #if STDC_HEADERS
| # include <stdlib.h>
| # include <stddef.h>
| #else
| # if HAVE_STDLIB_H
| #  include <stdlib.h>
| # endif
| #endif
| #if HAVE_STRING_H
| # if !STDC_HEADERS && HAVE_MEMORY_H
| #  include <memory.h>
| # endif
| # include <string.h>
| #endif
| #if HAVE_STRINGS_H
| # include <strings.h>
| #endif
| #if HAVE_INTTYPES_H
| # include <inttypes.h>
| #else
| # if HAVE_STDINT_H
| #  include <stdint.h>
| # endif
| #endif
| #if HAVE_UNISTD_H
| # include <unistd.h>
| #endif
| #include <termio.h>
configure:3671: result: no
configure:3675: checking termio.h presence
configure:3685: gcc -E  conftest.c
conftest.c:29:10: fatal error: 'termio.h' file not found
#include <termio.h>
         ^
1 error generated.
configure:3691: $? = 1
configure: failed program was:
| /* confdefs.h.  */
| 
| #define PACKAGE_NAME ""
| #define PACKAGE_TARNAME ""
| #define PACKAGE_VERSION ""
| #define PACKAGE_STRING ""
| #define PACKAGE_BUGREPORT ""
| #define HOSTTYPE "i386-apple-darwin15.4.0"
| #define HAVE_LIBRESOLV 1
| #define HAVE_LIBUTIL 1
| #define ENABLE_SOCKS 1
| #define ENABLE_TITLEBAR 1
| #define STDC_HEADERS 1
| #define HAVE_SYS_WAIT_H 1
| #define HAVE_SYS_TYPES_H 1
| #define HAVE_SYS_STAT_H 1
| #define HAVE_STDLIB_H 1
| #define HAVE_STRING_H 1
| #define HAVE_MEMORY_H 1
| #define HAVE_STRINGS_H 1
| #define HAVE_INTTYPES_H 1
| #define HAVE_STDINT_H 1
| #define HAVE_UNISTD_H 1
| #define HAVE_SGTTY_H 1
| #define HAVE_SYS_IOCTL_H 1
| #define HAVE_TIME_H 1
| #define HAVE_SYS_TIME_H 1
| /* end confdefs.h.  */
| #include <termio.h>
configure:3711: result: no
configure:3746: checking for termio.h
configure:3753: result: no
configure:3621: checking for unistd.h
configure:3626: result: yes
configure:3766: checking whether time.h and sys/time.h may both be included
configure:3791: gcc -c -g -O2  conftest.c >&5
configure:3797: $? = 0
configure:3801: test -z 
			 || test ! -s conftest.err
configure:3804: $? = 0
configure:3807: test -s conftest.o
configure:3810: $? = 0
configure:3821: result: yes
configure:3832: checking for an ANSI C-conforming const
configure:3899: gcc -c -g -O2  conftest.c >&5
configure:3905: $? = 0
configure:3909: test -z 
			 || test ! -s conftest.err
configure:3912: $? = 0
configure:3915: test -s conftest.o
configure:3918: $? = 0
configure:3929: result: yes
configure:3941: checking whether gcc needs -traditional
conftest.c:31:10: fatal error: 'termio.h' file not found
#include <termio.h>
         ^
1 error generated.
configure:3983: result: no
configure:3990: checking for function prototypes
configure:3993: result: yes
configure:4010: checking whether setvbuf arguments are reversed
configure:4035: gcc -o conftest -g -O2   conftest.c -lutil -lresolv  >&5
conftest.c:35:10: error: conflicting types for 'setvbuf'
           int (setvbuf) (FILE *, int, char *, size_t);
                ^
/usr/include/stdio.h:268:6: note: previous declaration is here
int      setvbuf(FILE * __restrict, char * __restrict, int, size_t);
         ^
conftest.c:40:35: warning: incompatible integer to pointer conversion passing 'int' to parameter of type 'char *' [-Wint-conversion]
char buf; return setvbuf (stdout, _IOLBF, &buf, 1);
                                  ^~~~~~
/usr/include/stdio.h:189:16: note: expanded from macro '_IOLBF'
#define _IOLBF  1               /* setvbuf should set line buffered */
                ^
/usr/include/stdio.h:268:50: note: passing argument to parameter here
int      setvbuf(FILE * __restrict, char * __restrict, int, size_t);
                                                     ^
conftest.c:40:43: warning: incompatible pointer to integer conversion passing 'char *' to parameter of type 'int' [-Wint-conversion]
char buf; return setvbuf (stdout, _IOLBF, &buf, 1);
                                          ^~~~
/usr/include/stdio.h:268:55: note: passing argument to parameter here
int      setvbuf(FILE * __restrict, char * __restrict, int, size_t);
                                                          ^
2 warnings and 1 error generated.
configure:4041: $? = 1
configure: failed program was:
| /* confdefs.h.  */
| 
| #define PACKAGE_NAME ""
| #define PACKAGE_TARNAME ""
| #define PACKAGE_VERSION ""
| #define PACKAGE_STRING ""
| #define PACKAGE_BUGREPORT ""
| #define HOSTTYPE "i386-apple-darwin15.4.0"
| #define HAVE_LIBRESOLV 1
| #define HAVE_LIBUTIL 1
| #define ENABLE_SOCKS 1
| #define ENABLE_TITLEBAR 1
| #define STDC_HEADERS 1
| #define HAVE_SYS_WAIT_H 1
| #define HAVE_SYS_TYPES_H 1
| #define HAVE_SYS_STAT_H 1
| #define HAVE_STDLIB_H 1
| #define HAVE_STRING_H 1
| #define HAVE_MEMORY_H 1
| #define HAVE_STRINGS_H 1
| #define HAVE_INTTYPES_H 1
| #define HAVE_STDINT_H 1
| #define HAVE_UNISTD_H 1
| #define HAVE_SGTTY_H 1
| #define HAVE_SYS_IOCTL_H 1
| #define HAVE_TIME_H 1
| #define HAVE_SYS_TIME_H 1
| #define HAVE_UNISTD_H 1
| #define TIME_WITH_SYS_TIME 1
| #define PROTOTYPES 1
| #define __PROTOTYPES 1
| /* end confdefs.h.  */
| #include <stdio.h>
| #	  if PROTOTYPES
| 	   int (setvbuf) (FILE *, int, char *, size_t);
| #	  endif
| int
| main ()
| {
| char buf; return setvbuf (stdout, _IOLBF, &buf, 1);
|   ;
|   return 0;
| }
configure:4162: result: no
configure:4172: checking return type of signal handlers
configure:4203: gcc -c -g -O2  conftest.c >&5
configure:4209: $? = 0
configure:4213: test -z 
			 || test ! -s conftest.err
configure:4216: $? = 0
configure:4219: test -s conftest.o
configure:4222: $? = 0
configure:4233: result: void
configure:4245: checking for vprintf
configure:4302: gcc -o conftest -g -O2   conftest.c -lutil -lresolv  >&5
conftest.c:58:6: warning: incompatible redeclaration of library function 'vprintf' [-Wincompatible-library-redeclaration]
char vprintf ();
     ^
conftest.c:58:6: note: 'vprintf' is a builtin with type 'int (const char *, struct __va_list_tag *)'
1 warning generated.
configure:4308: $? = 0
configure:4312: test -z 
			 || test ! -s conftest.err
configure:4315: $? = 0
configure:4318: test -s conftest
configure:4321: $? = 0
configure:4333: result: yes
configure:4340: checking for _doprnt
configure:4397: gcc -o conftest -g -O2   conftest.c -lutil -lresolv  >&5
Undefined symbols for architecture x86_64:
  "__doprnt", referenced from:
      _main in conftest-37bc1a.o
      _f in conftest-37bc1a.o
ld: symbol(s) not found for architecture x86_64
clang: error: linker command failed with exit code 1 (use -v to see invocation)
configure:4403: $? = 1
configure: failed program was:
| /* confdefs.h.  */
| 
| #define PACKAGE_NAME ""
| #define PACKAGE_TARNAME ""
| #define PACKAGE_VERSION ""
| #define PACKAGE_STRING ""
| #define PACKAGE_BUGREPORT ""
| #define HOSTTYPE "i386-apple-darwin15.4.0"
| #define HAVE_LIBRESOLV 1
| #define HAVE_LIBUTIL 1
| #define ENABLE_SOCKS 1
| #define ENABLE_TITLEBAR 1
| #define STDC_HEADERS 1
| #define HAVE_SYS_WAIT_H 1
| #define HAVE_SYS_TYPES_H 1
| #define HAVE_SYS_STAT_H 1
| #define HAVE_STDLIB_H 1
| #define HAVE_STRING_H 1
| #define HAVE_MEMORY_H 1
| #define HAVE_STRINGS_H 1
| #define HAVE_INTTYPES_H 1
| #define HAVE_STDINT_H 1
| #define HAVE_UNISTD_H 1
| #define HAVE_SGTTY_H 1
| #define HAVE_SYS_IOCTL_H 1
| #define HAVE_TIME_H 1
| #define HAVE_SYS_TIME_H 1
| #define HAVE_UNISTD_H 1
| #define TIME_WITH_SYS_TIME 1
| #define PROTOTYPES 1
| #define __PROTOTYPES 1
| #define RETSIGTYPE void
| #define HAVE_VPRINTF 1
| /* end confdefs.h.  */
| /* Define _doprnt to an innocuous variant, in case <limits.h> declares _doprnt.
|    For example, HP-UX 11i <limits.h> declares gettimeofday.  */
| #define _doprnt innocuous__doprnt
| 
| /* System header to define __stub macros and hopefully few prototypes,
|     which can conflict with char _doprnt (); below.
|     Prefer <limits.h> to <assert.h> if __STDC__ is defined, since
|     <limits.h> exists even on freestanding compilers.  */
| 
| #ifdef __STDC__
| # include <limits.h>
| #else
| # include <assert.h>
| #endif
| 
| #undef _doprnt
| 
| /* Override any gcc2 internal prototype to avoid an error.  */
| #ifdef __cplusplus
| extern "C"
| {
| #endif
| /* We use char because int might match the return type of a gcc2
|    builtin and then its argument prototype would still apply.  */
| char _doprnt ();
| /* The GNU C library defines this for functions which it implements
|     to always fail with ENOSYS.  Some functions are actually named
|     something starting with __ and the normal name is an alias.  */
| #if defined (__stub__doprnt) || defined (__stub____doprnt)
| choke me
| #else
| char (*f) () = _doprnt;
| #endif
| #ifdef __cplusplus
| }
| #endif
| 
| int
| main ()
| {
| return f != _doprnt;
|   ;
|   return 0;
| }
configure:4428: result: no
configure:4447: checking for select
configure:4504: gcc -o conftest -g -O2   conftest.c -lutil -lresolv  >&5
configure:4510: $? = 0
configure:4514: test -z 
			 || test ! -s conftest.err
configure:4517: $? = 0
configure:4520: test -s conftest
configure:4523: $? = 0
configure:4535: result: yes
configure:4447: checking for socket
configure:4504: gcc -o conftest -g -O2   conftest.c -lutil -lresolv  >&5
configure:4510: $? = 0
configure:4514: test -z 
			 || test ! -s conftest.err
configure:4517: $? = 0
configure:4520: test -s conftest
configure:4523: $? = 0
configure:4535: result: yes
configure:4646: creating ./config.status

## ---------------------- ##
## Running config.status. ##
## ---------------------- ##

This file was extended by config.status, which was
generated by GNU Autoconf 2.59.  Invocation command line was

  CONFIG_FILES    = 
  CONFIG_HEADERS  = 
  CONFIG_LINKS    = 
  CONFIG_COMMANDS = 
  $ ./config.status 

on tsc-485.techsmith.com

config.status:659: creating Makefile
config.status:763: creating config.h

## ---------------- ##
## Cache variables. ##
## ---------------- ##

ac_cv_build=i386-apple-darwin15.4.0
ac_cv_build_alias=i386-apple-darwin15.4.0
ac_cv_c_compiler_gnu=yes
ac_cv_c_const=yes
ac_cv_env_CC_set=
ac_cv_env_CC_value=
ac_cv_env_CFLAGS_set=
ac_cv_env_CFLAGS_value=
ac_cv_env_CPPFLAGS_set=
ac_cv_env_CPPFLAGS_value=
ac_cv_env_CPP_set=
ac_cv_env_CPP_value=
ac_cv_env_LDFLAGS_set=
ac_cv_env_LDFLAGS_value=
ac_cv_env_build_alias_set=
ac_cv_env_build_alias_value=
ac_cv_env_host_alias_set=
ac_cv_env_host_alias_value=
ac_cv_env_target_alias_set=
ac_cv_env_target_alias_value=
ac_cv_exeext=
ac_cv_func__doprnt=no
ac_cv_func_select=yes
ac_cv_func_setvbuf_reversed=no
ac_cv_func_socket=yes
ac_cv_func_vprintf=yes
ac_cv_header_inttypes_h=yes
ac_cv_header_memory_h=yes
ac_cv_header_sgtty_h=yes
ac_cv_header_stdc=yes
ac_cv_header_stdint_h=yes
ac_cv_header_stdlib_h=yes
ac_cv_header_string_h=yes
ac_cv_header_strings_h=yes
ac_cv_header_sys_ioctl_h=yes
ac_cv_header_sys_stat_h=yes
ac_cv_header_sys_time_h=yes
ac_cv_header_sys_types_h=yes
ac_cv_header_sys_wait_h=yes
ac_cv_header_termio_h=no
ac_cv_header_time=yes
ac_cv_header_time_h=yes
ac_cv_header_unistd_h=yes
ac_cv_host=i386-apple-darwin15.4.0
ac_cv_host_alias=i386-apple-darwin15.4.0
ac_cv_lib_inet_main=no
ac_cv_lib_nsl_main=no
ac_cv_lib_resolv_main=yes
ac_cv_lib_seq_main=no
ac_cv_lib_socket_main=no
ac_cv_lib_util_main=yes
ac_cv_objext=o
ac_cv_openssldir=no
ac_cv_path_install='/usr/bin/install -c'
ac_cv_prog_CPP='gcc -E'
ac_cv_prog_ac_ct_CC=gcc
ac_cv_prog_cc_g=yes
ac_cv_prog_cc_stdc=
ac_cv_prog_egrep='grep -E'
ac_cv_prog_gcc_traditional=no
ac_cv_type_signal=void

## ----------------- ##
## Output variables. ##
## ----------------- ##

CC='gcc'
CFLAGS='-g -O2'
CPP='gcc -E'
CPPFLAGS=''
DEFS='-DHAVE_CONFIG_H'
ECHO_C='ECHO_N=''
ECHO_T=''
EGREP='grep -E'
EXEEXT=''
INSTALL_DATA='${INSTALL} -m 644'
INSTALL_PROGRAM='${INSTALL}'
INSTALL_SCRIPT='${INSTALL}'
LDFLAGS=''
LIBOBJS=''
LIBS='-lutil -lresolv '
LTLIBOBJS=''
OBJEXT='o'
PACKAGE_BUGREPORT=''
PACKAGE_NAME=''
PACKAGE_STRING=''
PACKAGE_TARNAME=''
PACKAGE_VERSION=''
PATH_SEPARATOR=':'
PLATFORM_OBJS='unix.o'
SHELL='/bin/sh'
SOCKS_OBJS='socks/porttoserv.o socks/Rconnect.o socks/Rgethostbyname.o socks/SendGetDst.o socks/shell_cmd.o socks/socks_ckcf.o socks/socks_rdconf.o socks/socks_rdfz.o socks/utils.o'
ac_ct_CC='gcc'
bindir='${exec_prefix}/bin'
build='i386-apple-darwin15.4.0'
build_alias=''
build_cpu='i386'
build_os='darwin15.4.0'
build_vendor='apple'
datadir='${prefix}/share'
exec_prefix='${prefix}'
host='i386-apple-darwin15.4.0'
host_alias=''
host_cpu='i386'
host_os='darwin15.4.0'
host_vendor='apple'
includedir='${prefix}/include'
infodir='${prefix}/info'
libdir='${exec_prefix}/lib'
libexecdir='${exec_prefix}/libexec'
localstatedir='${prefix}/var'
mandir='${prefix}/man'
oldincludedir='/usr/include'
prefix='/usr/local'
program_transform_name='s,x,x,'
sbindir='${exec_prefix}/sbin'
sharedstatedir='${prefix}/com'
sysconfdir='${prefix}/etc'
target_alias=''

## ----------- ##
## confdefs.h. ##
## ----------- ##

#define ENABLE_SOCKS 1
#define ENABLE_TITLEBAR 1
#define HAVE_INTTYPES_H 1
#define HAVE_LIBRESOLV 1
#define HAVE_LIBUTIL 1
#define HAVE_MEMORY_H 1
#define HAVE_SELECT 1
#define HAVE_SGTTY_H 1
#define HAVE_SOCKET 1
#define HAVE_STDINT_H 1
#define HAVE_STDLIB_H 1
#define HAVE_STRINGS_H 1
#define HAVE_STRING_H 1
#define HAVE_SYS_IOCTL_H 1
#define HAVE_SYS_STAT_H 1
#define HAVE_SYS_TIME_H 1
#define HAVE_SYS_TYPES_H 1
#define HAVE_SYS_WAIT_H 1
#define HAVE_TIME_H 1
#define HAVE_UNISTD_H 1
#define HAVE_UNISTD_H 1
#define HAVE_VPRINTF 1
#define HOSTTYPE "i386-apple-darwin15.4.0"
#define PACKAGE_BUGREPORT ""
#define PACKAGE_NAME ""
#define PACKAGE_STRING ""
#define PACKAGE_TARNAME ""
#define PACKAGE_VERSION ""
#define PROTOTYPES 1
#define RETSIGTYPE void
#define STDC_HEADERS 1
#define TIME_WITH_SYS_TIME 1
#define __PROTOTYPES 1

configure: exit 0
